
=== System Health @ 2025-04-25 21:50:54.604664 ====
Memory Usage: 32.6%
CPU Usage: 0.0%
Disk Usage: 21.9%

=== System Health @ 2025-04-25 21:52:15.802017 ====
Memory Usage: 32.4%
CPU Usage: 0.0%
Disk Usage: 21.9%

=== System Health @ 2025-04-25 21:53:19.441488 ====
Memory Usage: 32.4%
CPU Usage: 0.0%
Disk Usage: 21.9%
Network - Sent: 0.45 MB, Received: 108.51 MB 
 
=== System Health @ 2025-04-25 22:00:02.078512 ====
Memory Usage: 44.0%
CPU Usage: 0.0%
Disk Usage: 24.8%
Network - Sent: 1.73 MB, Received: 130.37 MB 
 
=== System Health @ 2025-04-25 18:10:01.206873 ====
Memory Usage: 44.5%
CPU Usage: 0.0%
Disk Usage: 25.8%
Network - Sent: 2.39 MB, Received: 134.99 MB 
 
=== System Health @ 2025-04-25 18:20:01.342168 ====
Memory Usage: 44.5%
CPU Usage: 0.0%
Disk Usage: 25.8%
Network - Sent: 2.40 MB, Received: 134.99 MB 
 
=== System Health @ 2025-04-25 18:30:01.464178 ====
Memory Usage: 44.6%
CPU Usage: 0.0%
Disk Usage: 25.8%
Network - Sent: 2.40 MB, Received: 135.00 MB 
 
=== System Health @ 2025-04-25 18:40:01.580295 ====
Memory Usage: 44.6%
CPU Usage: 0.0%
Disk Usage: 25.8%
Network - Sent: 2.41 MB, Received: 135.01 MB 
 
=== System Health @ 2025-04-25 18:50:01.688473 ====
Memory Usage: 44.6%
CPU Usage: 0.0%
Disk Usage: 25.8%
Network - Sent: 2.41 MB, Received: 135.01 MB 
 
=== System Health @ 2025-04-25 19:00:01.771098 ====
Memory Usage: 44.8%
CPU Usage: 0.0%
Disk Usage: 25.8%
Network - Sent: 2.46 MB, Received: 135.04 MB 
 
=== System Health @ 2025-04-25 19:10:01.879528 ====
Memory Usage: 44.8%
CPU Usage: 0.0%
Disk Usage: 25.8%
Network - Sent: 2.46 MB, Received: 135.04 MB 
 
=== System Health @ 2025-04-25 19:20:02.004873 ====
Memory Usage: 44.8%
CPU Usage: 0.0%
Disk Usage: 25.8%
Network - Sent: 2.46 MB, Received: 135.05 MB 
 
=== System Health @ 2025-04-25 19:30:01.123989 ====
Memory Usage: 44.8%
CPU Usage: 0.0%
Disk Usage: 25.8%
Network - Sent: 2.47 MB, Received: 135.06 MB 
 
=== System Health @ 2025-04-25 19:40:01.236650 ====
Memory Usage: 44.8%
CPU Usage: 0.0%
Disk Usage: 25.8%
Network - Sent: 2.47 MB, Received: 135.06 MB 
 
=== System Health @ 2025-04-25 19:50:01.352810 ====
Memory Usage: 44.8%
CPU Usage: 0.0%
Disk Usage: 25.8%
Network - Sent: 2.48 MB, Received: 135.07 MB 
 
=== System Health @ 2025-04-25 20:00:01.463996 ====
Memory Usage: 44.8%
CPU Usage: 0.0%
Disk Usage: 25.8%
Network - Sent: 2.48 MB, Received: 135.07 MB 
 
=== System Health @ 2025-04-25 20:10:01.574912 ====
Memory Usage: 44.8%
CPU Usage: 0.0%
Disk Usage: 25.8%
Network - Sent: 2.49 MB, Received: 135.08 MB 
 
=== System Health @ 2025-04-25 20:20:01.698006 ====
Memory Usage: 44.8%
CPU Usage: 0.0%
Disk Usage: 25.8%
Network - Sent: 2.49 MB, Received: 135.08 MB 
 
=== System Health @ 2025-04-25 20:30:01.816918 ====
Memory Usage: 44.8%
CPU Usage: 0.0%
Disk Usage: 25.8%
Network - Sent: 2.49 MB, Received: 135.09 MB 
 
=== System Health @ 2025-04-25 20:40:01.933398 ====
Memory Usage: 44.8%
CPU Usage: 0.0%
Disk Usage: 25.8%
Network - Sent: 2.50 MB, Received: 135.09 MB 
 
=== System Health @ 2025-04-25 20:50:02.045349 ====
Memory Usage: 44.8%
CPU Usage: 0.0%
Disk Usage: 25.8%
Network - Sent: 2.50 MB, Received: 135.10 MB 
 
=== System Health @ 2025-04-25 21:00:01.158189 ====
Memory Usage: 44.8%
CPU Usage: 0.0%
Disk Usage: 25.8%
Network - Sent: 2.51 MB, Received: 135.10 MB 
 
=== System Health @ 2025-04-25 21:10:01.268856 ====
Memory Usage: 44.8%
CPU Usage: 0.0%
Disk Usage: 25.8%
Network - Sent: 2.51 MB, Received: 135.11 MB 
 
=== System Health @ 2025-04-25 21:20:01.394869 ====
Memory Usage: 44.8%
CPU Usage: 0.0%
Disk Usage: 25.8%
Network - Sent: 2.51 MB, Received: 135.11 MB 
 
=== System Health @ 2025-04-25 21:30:01.518842 ====
Memory Usage: 44.8%
CPU Usage: 0.0%
Disk Usage: 25.8%
Network - Sent: 2.52 MB, Received: 135.12 MB 
 
=== System Health @ 2025-04-25 21:40:01.630441 ====
Memory Usage: 44.8%
CPU Usage: 0.0%
Disk Usage: 25.8%
Network - Sent: 2.52 MB, Received: 135.12 MB 
 
=== System Health @ 2025-04-25 21:50:01.750047 ====
Memory Usage: 44.8%
CPU Usage: 0.0%
Disk Usage: 25.8%
Network - Sent: 2.52 MB, Received: 135.13 MB 
 
=== System Health @ 2025-04-25 22:00:01.859858 ====
Memory Usage: 44.8%
CPU Usage: 0.0%
Disk Usage: 25.8%
Network - Sent: 2.53 MB, Received: 135.13 MB 
 
=== System Health @ 2025-04-25 22:10:02.076429 ====
Memory Usage: 44.8%
CPU Usage: 0.0%
Disk Usage: 25.8%
Network - Sent: 2.53 MB, Received: 135.14 MB 
 
=== System Health @ 2025-04-25 22:20:01.321534 ====
Memory Usage: 44.8%
CPU Usage: 0.0%
Disk Usage: 25.8%
Network - Sent: 2.53 MB, Received: 135.14 MB 
 
=== System Health @ 2025-04-25 22:30:01.561090 ====
Memory Usage: 44.8%
CPU Usage: 0.0%
Disk Usage: 25.8%
Network - Sent: 2.54 MB, Received: 135.15 MB 
 
=== System Health @ 2025-04-25 22:40:01.777182 ====
Memory Usage: 44.9%
CPU Usage: 0.0%
Disk Usage: 26.5%
Network - Sent: 2.56 MB, Received: 139.93 MB 
 
=== System Health @ 2025-04-25 22:50:02.010771 ====
Memory Usage: 44.9%
CPU Usage: 0.0%
Disk Usage: 26.5%
Network - Sent: 2.56 MB, Received: 139.94 MB 
 
=== System Health @ 2025-04-25 23:00:01.243363 ====
Memory Usage: 44.9%
CPU Usage: 0.0%
Disk Usage: 26.5%
Network - Sent: 2.58 MB, Received: 139.96 MB 
 
=== System Health @ 2025-04-25 23:10:01.515830 ====
Memory Usage: 44.8%
CPU Usage: 0.0%
Disk Usage: 26.5%
Network - Sent: 2.58 MB, Received: 139.97 MB 
 
=== System Health @ 2025-04-25 23:20:01.789118 ====
Memory Usage: 44.8%
CPU Usage: 0.0%
Disk Usage: 26.5%
Network - Sent: 2.59 MB, Received: 139.98 MB 
 
=== System Health @ 2025-04-25 23:30:02.024088 ====
Memory Usage: 44.8%
CPU Usage: 0.0%
Disk Usage: 26.5%
Network - Sent: 2.59 MB, Received: 139.98 MB 
 
=== System Health @ 2025-04-25 23:40:01.339165 ====
Memory Usage: 46.9%
CPU Usage: 0.0%
Disk Usage: 26.9%
Network - Sent: 3.21 MB, Received: 146.95 MB 
 